Abaqus JOB abaqus
Abaqus 2017
Abaqus Site ID: 
Abaqus is located in the directory C:\SIMULIA\CAE\2017 C:\SIMULIA\CAE\2017\win_b64 C:\SIMULIA\CAE\2017\win_b64\code C:\SIMULIA\CAE\2017\win_b64\code\bin C:\SIMULIA\CAE\2017\win_b64\code\bin\SMAExternal C:\SIMULIA\CAE\2017\win_b64\CAEresources C:\SIMULIA\CAE\2017\win_b64\SMA C:\Program Files\Dassault Systemes\SimulationServices\V6R2017x\win_b64
Abaqus solver stack is located in the directory C:\Program Files\Dassault Systemes\SimulationServices\V6R2017x\win_b64
Sequence Information:
    C:\Program Files\Dassault Systemes\SimulationServices\V6R2017x\win_b64: 2016_09_27-16.54.59 126836
    C:\SIMULIA\CAE\2017\win_b64: 2016_09_27-16.54.59 126836
The Abaqus information files are located in the directory C:\SIMULIA\CAE\2017\win_b64\SMA\info
# Current Abaqus environment file settings
# ----------------------------------------
abaquslm_license_file='27011@DESKTOP-28I0C3S'
admin=[]
compile_cpp='cl /c /W0 /MD /TP /EHsc /DNDEBUG /DWIN32 /DTP_IP /D_CONSOLE /DNTI /DFLT_LIC /DOL_DOC /D__LIB__ /DHKS_NT /D_WINDOWS_SOURCE /DFAR= /D_WINDOWS /DABQ_WIN86_64 %P /I%I'
compile_fmu=['win64CmpWrp', '-m64', '-msvc9', 'cl', '/LD', '/D_WINDOWS', '/TC', '/W0', '/I%I']
compile_fortran='ifort /c /DABQ_WIN86_64 /extend-source /fpp /iface:cref /recursive /Qauto-scalar /QxSSE3 /QaxAVX /heap-arrays:1 /include:%I'
doc_root='file:///C:/Program Files/Dassault Systemes/SIMULIA2017doc/English'
license_server_type=FLEXNET
link_exe='LINK /nologo /INCREMENTAL:NO /subsystem:console /machine:AMD64 /STACK:20000000 /NODEFAULTLIB:LIBC.LIB /NODEFAULTLIB:LIBCMT.LIB /DEFAULTLIB:OLDNAMES.LIB /DEFAULTLIB:LIBIFCOREMD.LIB /DEFAULTLIB:LIBIFPORTMD.LIB /DEFAULTLIB:LIBMMD.LIB /DEFAULTLIB:kernel32.lib /DEFAULTLIB:user32.lib /DEFAULTLIB:advapi32.lib /FIXED:NO /LARGEADDRESSAWARE /out:%J %F %M %L %B %O oldnames.lib user32.lib ws2_32.lib netapi32.lib advapi32.lib'
link_sl='LINK /nologo /NOENTRY /INCREMENTAL:NO /subsystem:console /machine:AMD64 /NODEFAULTLIB:LIBC.LIB /NODEFAULTLIB:LIBCMT.LIB /DEFAULTLIB:OLDNAMES.LIB /DEFAULTLIB:LIBIFCOREMD.LIB /DEFAULTLIB:LIBIFPORTMD.LIB /DEFAULTLIB:LIBMMD.LIB /DEFAULTLIB:kernel32.lib /DEFAULTLIB:user32.lib /DEFAULTLIB:advapi32.lib /FIXED:NO /dll /def:%E /out:%U %F %A %L %B oldnames.lib user32.lib ws2_32.lib netapi32.lib advapi32.lib'
mp_environment_export=('ABAQUSLM_LICENSE_FILE', 'ABAQUS_CCI_DEBUG', 'ABAQUS_CSE_CURRCONFIGMAPPING', 'ABAQUS_CSE_RELTIMETOLERANCE', 'ABAQUS_LANG', 'ABAQUS_MPF_DIAGNOSTIC_LEVEL', 'ABA_ADM_ALIGNMENT', 'ABA_ADM_MINIMUMDECREASE', 'ABA_ADM_MINIMUMINCREASE', 'ABA_ALL_ADB_IN_TMPDIR', 'ABA_CM_BUFFERING', 'ABA_CM_BUFFERING_LIMIT', 'ABA_CUTOFF_SLAVEFACET_ANGLE', 'ABA_DMPSOLVER_BWDPARALLELOFF', 'ABA_ELP_SURFACE_SPLIT', 'ABA_ELP_SUSPEND', 'ABA_EXT_SIMOUTPUT', 'ABA_HOME', 'ABA_ITERATIVE_SOLVER_VERBOSE', 'ABA_MEMORY_MODE', 'ABA_MPI_MESSAGE_TRACKING', 'ABA_MPI_VERBOSE_LEVEL', 'ABA_NUM_INTEGRATION_POINTS_LINE3D', 'ABA_SHARED_SAVEDIR', 'ABA_PATH', 'ABA_PRE_DECOMPOSITION', 'ABA_RESOURCE_MONITOR', 'ABA_RESOURCE_USEMALLINFO', 'ABA_SYMBOLIC_GENERALCOLLAPSE', 'ABA_SYMBOLIC_GENERAL_MAXCLIQUERANK', 'ABA_TOSCA_PROTOTYPE', 'ABA_TOSCA_SEQFILES', 'ABQLMHANGLIMIT', 'ABQLMIMPL', 'ABQLMQUEUE', 'ABQLMUSER', 'ABQ_CRTMALLOC', 'ABQ_DATACHECK', 'ABQ_DLALLOCATOR', 'ABQ_RECOVER', 'ABQ_RESTART', 'ABQ_SPLITFILE', 'ABQ_STD_ACCUM_CSLIP', 'ABQ_STD_ACTIVATE_BEAM_ROTATION', 'ABQ_STD_ALLOW_SURFACE_TO_BEAM', 'ABQ_XFEM_POREPRESSURE', 'ABQ_XPL_PARTITIONSIZE', 'ABQ_XPL_WINDOWDUMP', 'ACML_FAST_MALLOC', 'ACML_FAST_MALLOC_CHUNK_SIZE', 'ACML_FAST_MALLOC_DEBUG', 'ACML_FAST_MALLOC_MAX_CHUNKS', 'ADB_USE_OLDSLDB', 'ADB_USE_NEWSLDB', 'CCI_RENDEZVOUS', 'DOMAIN', 'DOMAIN_CPUS', 'DOUBLE_PRECISION', 'DSLS_CONFIG', 'FLEXLM_DIAGNOSTICS', 'FOR0006', 'FOR0064', 'FOR_DISABLE_DIAGNOSTIC_DISPLAY', 'FOR_IGNORE_EXCEPTIONS', 'IPATH_NO_CPUAFFINITY', 'LD_PRELOAD', 'MALLOC_MMAP_THRESHOLD_', 'MKL_DYNAMIC', 'MKL_NUM_THREADS', 'MPCCI_CODEID', 'MPCCI_DEBUG', 'MPCCI_JOBID', 'MPCCI_NETDEVICE', 'MPCCI_SERVER', 'MPCCI_TINFO', 'MPC_GANG', 'MPIEXEC_AFFINITY_TABLE', 'MPI_FLAGS', 'MPI_FLUSH_FCACHE', 'MPI_PROPAGATE_TSTP', 'MPI_RDMA_MSGSIZE', 'MPI_RDMA_NENVELOPE', 'MPI_SOCKBUFSIZE', 'MPI_USE_MALLOPT_MMAP_MAX', 'MPI_USE_MALLOPT_MMAP_THRESHOLD', 'MPI_USE_MALLOPT_SBRK_PROTECTION', 'MPI_WORKDIR', 'MP_NUMBER_OF_THREADS', 'MPICH_ND_ZCOPY_THRESHOLD', 'NCPUS', 'OMP_DYNAMIC', 'OMP_NUM_THREADS', 'OUTDIR', 'PAIDUP', 'PARALLEL_METHOD', 'RAIDEV_NDREG_LAZYMEM', 'SMA_PARENT', 'SMA_PLATFORM', 'SMA_WS', 'SIMULIA_COSIN_PATH')
mp_file_system=(DETECT, DETECT)
mp_mode=MPI
mp_mpi_implementation=NATIVE
mp_mpi_searchpath=['Microsoft MPI', 'Microsoft HPC Pack', 'Microsoft HPC Pack 2008 R2', 'Microsoft HPC Pack 2008', 'Microsoft HPC Pack 2008 SDK', 'Microsoft HPC Pack 2012']
mp_mpirun_path={MSSDK: 'C:\\Program Files\\Microsoft MPI', NATIVE: 'C:\\Program Files\\Microsoft MPI\\bin\\mpiexec.exe'}
mp_num_parallel_ftps=(4, 4)
mp_rsh_command='dummy %H -l %U -n %C'
onCaeGraphicsStartup=<function onCaeGraphicsStartup at 0x000002289F5CD4A8>
plugin_central_dir='C:\\SIMULIA\\CAE\\plugins\\2017'
standard_parallel=ALL


Running system configuration checks for Windows/x86-64.
Please wait until all necessary information has been gathered...

Current system configuration is:

Date:                 Fri Aug 02 14:13:15 2024
Hostname:             DESKTOP-28I0C3S
Username:             crist (admin)
System Host ID:       "0897987a6232 1063c89ca37f"
DSLS Target ID:       HRY-424A1897987A6232
IP Address:           192.168.10.14, 172.30.96.1
Processor:            Intel(R) Core(TM) i5-8265U CPU @ 1.60GHz
Number of CPUs:       8
Physical Memory:      8006 MB
Virtual Memory:       7418 Available / 16711 Total Mbytes
OS Version:           Windows 10 Home Single Language Home Edition  (Build
                      19045)
C++ Compiler:         Microsoft Visual C++ 12.0.40629.0
Linker Version:       Microsoft (R) Incremental Linker Version 12.00.40629.0
Fortran Compiler:     Intel Fortran Compiler 17.0
MPI:                  MS-MPI 5.0.12435.6
Browser:              Microsoft Edge 127.0.2651.74


Graphics Details:
Device Name:          Intel(R) UHD Graphics 620
Video Processor:      Intel(R) UHD Graphics Family
Adapter RAM:          1024.00 MB
Driver Date:          11/19/2018
Driver Version:       25.20.100.6444
State Flags:          PRIMARY_DEVICE
Horizontal Res:       1366 pixels in 344 mm => 3.970930 pix/mm
Vertical Res:         768 pixels in 193 mm => 3.979275 pix/mm
Display Settings:     1366 x 768 @ 0,0 - 32-bit - 60 Hz

Device Name:          Intel(R) UHD Graphics 620
Video Processor:      Intel(R) UHD Graphics Family
Adapter RAM:          1024.00 MB
Driver Date:          11/19/2018
Driver Version:       25.20.100.6444
Horizontal Res:       1360 pixels in 300 mm => 4.533333 pix/mm
Vertical Res:         768 pixels in 230 mm => 3.339130 pix/mm
Display Settings:     1360 x 768 @ 0,-768 - 32-bit - 59 Hz


Disk Space:
Drive     Available(Mbytes)       Total(Mbytes)
C:\                   10967              148791
D:\                  660644              953866
E:\                  132089              307313
G:\                  627612              953866
H:\                  627612              953866

# MS Windows System Info output
# ------------------------------------------------------

Host Name:                 DESKTOP-28I0C3S
OS Name:                   Microsoft Windows 10 Home Single Language
OS Version:                10.0.19045 N/A Build 19045
OS Manufacturer:           Microsoft Corporation
OS Configuration:          Standalone Workstation
OS Build Type:             Multiprocessor Free
Registered Owner:          cristianb_p@hotmail.com
Registered Organization:   
Product ID:                00327-30769-42402-AAOEM
Original Install Date:     6/03/2024, 10:54:17 p.ÿm.
System Boot Time:          1/08/2024, 10:50:19 p.ÿm.
System Manufacturer:       Acer
System Model:              Aspire A515-52G
System Type:               x64-based PC
Processor(s):              1 Processor(s) Installed.
                           [01]: Intel64 Family 6 Model 142 Stepping 12 GenuineIntel ~1600 Mhz
BIOS Version:              Insyde Corp. V1.14, 24/05/2019
Windows Directory:         C:\windows
System Directory:          C:\windows\system32
Boot Device:               \Device\HarddiskVolume6
System Locale:             en-us;English (United States)
Input Locale:              es-mx;Spanish (Mexico)
Time Zone:                 (UTC-05:00) Bogota, Lima, Quito, Rio Branco
Total Physical Memory:     8.006 MB
Available Physical Memory: 1.634 MB
Virtual Memory: Max Size:  16.710 MB
Virtual Memory: Available: 7.424 MB
Virtual Memory: In Use:    9.286 MB
Page File Location(s):     D:\pagefile.sys
Domain:                    WORKGROUP
Logon Server:              \\DESKTOP-28I0C3S
Hotfix(s):                 14 Hotfix(s) Installed.
                           [01]: KB5041168
                           [02]: KB5034468
                           [03]: KB5011048
                           [04]: KB5015684
                           [05]: KB5040427
                           [06]: KB5014032
                           [07]: KB5032907
                           [08]: KB5034224
                           [09]: KB5036447
                           [10]: KB5037018
                           [11]: KB5037240
                           [12]: KB5037995
                           [13]: KB5039336
                           [14]: KB5034441
Network Card(s):           6 NIC(s) Installed.
                           [01]: Qualcomm Atheros QCA9377 Wireless Network Adapter
                                 Connection Name: Wi-Fi
                                 DHCP Enabled:    Yes
                                 DHCP Server:     192.168.10.1
                                 IP address(es)
                                 [01]: 192.168.10.14
                                 [02]: fe80::3939:f481:20b3:2cb0
                           [02]: Bluetooth Device (Personal Area Network)
                                 Connection Name: Bluetooth Network Connection
                                 Status:          Media disconnected
                           [03]: Realtek PCIe GbE Family Controller
                                 Connection Name: Ethernet
                                 Status:          Media disconnected
                           [04]: TAP-NordVPN Windows Adapter V9
                                 Connection Name: Ethernet 4
                                 Status:          Media disconnected
                           [05]: OpenVPN Data Channel Offload
                                 Connection Name: OpenVPN Data Channel Offload for NordVPN
                                 Status:          Media disconnected
                           [06]: Hyper-V Virtual Ethernet Adapter
                                 Connection Name: vEthernet (WSLCore)
                                 DHCP Enabled:    No
                                 IP address(es)
                                 [01]: 172.30.96.1
                                 [02]: fe80::c29f:abe1:f677:daec
Hyper-V Requirements:      A hypervisor has been detected. Features required for Hyper-V will not be displayed.

# Licensing Information
# ---------------------

# lmstat -c 27011@DESKTOP-28I0C3S output.

# ------------------------------------------------------
lmstat - Copyright (c) 1989-2015 Flexera Software LLC. All Rights Reserved.
Flexible License Manager status on Fri 8/2/2024 14:13

[Detecting lmgrd processes...]
License server status: 27011@DESKTOP-28I0C3S
    License file(s) on DESKTOP-28I0C3S: C:\SIMULIA-2017\License\ABAQUSLM_SSQ.lic:

DESKTOP-28I0C3S: license server UP (MASTER) v11.6

Vendor daemon status (on DESKTOP-28I0C3S):

  ABAQUSLM: UP v11.6


# lmstat -c 27011@DESKTOP-28I0C3S -S ABAQUSLM output.

# ------------------------------------------------------
lmstat - Copyright (c) 1989-2015 Flexera Software LLC. All Rights Reserved.
Flexible License Manager status on Fri 8/2/2024 14:13

[Detecting lmgrd processes...]
License server status: 27011@DESKTOP-28I0C3S
    License file(s) on DESKTOP-28I0C3S: C:\SIMULIA-2017\License\ABAQUSLM_SSQ.lic:

DESKTOP-28I0C3S: license server UP (MASTER) v11.6

Vendor daemon status (on DESKTOP-28I0C3S):

  ABAQUSLM: UP v11.6
Feature usage info:

Users of acp:  (Total of 1024 licenses issued;  Total of 0 licenses in use)

Users of adams:  (Total of 1024 licenses issued;  Total of 0 licenses in use)

Users of afcv5_structural:  (Total of 1024 licenses issued;  Total of 0 licenses in use)

Users of afcv5_thermal:  (Total of 1024 licenses issued;  Total of 0 licenses in use)

Users of ams:  (Total of 1024 licenses issued;  Total of 0 licenses in use)

Users of aqua:  (Total of 1024 licenses issued;  Total of 0 licenses in use)

Users of atom:  (Total of 1024 licenses issued;  Total of 0 licenses in use)

Users of atom_smooth:  (Total of 1024 licenses issued;  Total of 0 licenses in use)

Users of available:  (Total of 1024 licenses issued;  Total of 0 licenses in use)

Users of barrier_adv2k:  (Total of 1024 licenses issued;  Total of 0 licenses in use)

Users of barrier_aemdb_side:  (Total of 1024 licenses issued;  Total of 0 licenses in use)

Users of barrier_eevc:  (Total of 1024 licenses issued;  Total of 0 licenses in use)

Users of barrier_iihs:  (Total of 1024 licenses issued;  Total of 0 licenses in use)

Users of barrier_nhtsa:  (Total of 1024 licenses issued;  Total of 0 licenses in use)

Users of barrier_trl_fwdb_front:  (Total of 1024 licenses issued;  Total of 0 licenses in use)

Users of beamSectGen:  (Total of 1024 licenses issued;  Total of 0 licenses in use)

Users of biorid:  (Total of 1024 licenses issued;  Total of 0 licenses in use)

Users of cadporter_catia:  (Total of 1024 licenses issued;  Total of 0 licenses in use)

Users of cadporter_catiav5:  (Total of 1024 licenses issued;  Total of 0 licenses in use)

Users of cadporter_catiav6:  (Total of 1024 licenses issued;  Total of 0 licenses in use)

Users of cadporter_flow:  (Total of 1024 licenses issued;  Total of 0 licenses in use)

Users of cadporter_ideas:  (Total of 1024 licenses issued;  Total of 0 licenses in use)

Users of cadporter_parasolid:  (Total of 1024 licenses issued;  Total of 0 licenses in use)

Users of cadporter_proe:  (Total of 1024 licenses issued;  Total of 0 licenses in use)

Users of cae:  (Total of 1024 licenses issued;  Total of 0 licenses in use)

Users of cae_nogui:  (Total of 1024 licenses issued;  Total of 0 licenses in use)

Users of catiav5_assoc_import:  (Total of 1024 licenses issued;  Total of 0 licenses in use)

Users of catiav5_import:  (Total of 1024 licenses issued;  Total of 0 licenses in use)

Users of cel:  (Total of 1024 licenses issued;  Total of 0 licenses in use)

Users of cfd:  (Total of 1024 licenses issued;  Total of 0 licenses in use)

Users of cmold:  (Total of 1024 licenses issued;  Total of 0 licenses in use)

Users of cosim_abaqus:  (Total of 1024 licenses issued;  Total of 0 licenses in use)

Users of cosim_acusolve:  (Total of 1024 licenses issued;  Total of 0 licenses in use)

Users of cosim_direct:  (Total of 1024 licenses issued;  Total of 0 licenses in use)

Users of cosim_madymo:  (Total of 1024 licenses issued;  Total of 0 licenses in use)

Users of cosim_mpcci:  (Total of 1024 licenses issued;  Total of 0 licenses in use)

Users of cosim_user:  (Total of 1024 licenses issued;  Total of 0 licenses in use)

Users of cosimulation:  (Total of 1024 licenses issued;  Total of 0 licenses in use)

Users of cpus:  (Total of 1024 licenses issued;  Total of 0 licenses in use)

Users of cse:  (Total of 1024 licenses issued;  Total of 0 licenses in use)

Users of debug:  (Total of 1024 licenses issued;  Total of 0 licenses in use)

Users of design:  (Total of 1024 licenses issued;  Total of 0 licenses in use)

Users of dummy_hmntcs_emhf:  (Total of 1024 licenses issued;  Total of 0 licenses in use)

Users of dummy_hmntcs_es2:  (Total of 1024 licenses issued;  Total of 0 licenses in use)

Users of dummy_hmntcs_es2re:  (Total of 1024 licenses issued;  Total of 0 licenses in use)

Users of dummy_hmntcs_flexpli:  (Total of 1024 licenses issued;  Total of 0 licenses in use)

Users of dummy_hmntcs_h305:  (Total of 1024 licenses issued;  Total of 0 licenses in use)

Users of dummy_hmntcs_h305_blst:  (Total of 1024 licenses issued;  Total of 0 licenses in use)

Users of dummy_hmntcs_h350:  (Total of 1024 licenses issued;  Total of 0 licenses in use)

Users of dummy_hmntcs_h350_blst:  (Total of 1024 licenses issued;  Total of 0 licenses in use)

Users of dummy_hmntcs_h395:  (Total of 1024 licenses issued;  Total of 0 licenses in use)

Users of dummy_hmntcs_h395_blst:  (Total of 1024 licenses issued;  Total of 0 licenses in use)

Users of dummy_hmntcs_q10:  (Total of 1024 licenses issued;  Total of 0 licenses in use)

Users of dummy_hmntcs_q6:  (Total of 1024 licenses issued;  Total of 0 licenses in use)

Users of dummy_hmntcs_sid2s_sblc:  (Total of 1024 licenses issued;  Total of 0 licenses in use)

Users of dummy_hmntcs_sid2s_sbld:  (Total of 1024 licenses issued;  Total of 0 licenses in use)

Users of euler_lagrange:  (Total of 1024 licenses issued;  Total of 0 licenses in use)

Users of explicit:  (Total of 1024 licenses issued;  Total of 0 licenses in use)

Users of foundation:  (Total of 1024 licenses issued;  Total of 0 licenses in use)

Users of geotech:  (Total of 1024 licenses issued;  Total of 0 licenses in use)

Users of gpgpu:  (Total of 1024 licenses issued;  Total of 0 licenses in use)

Users of gpus:  (Total of 1024 licenses issued;  Total of 0 licenses in use)

Users of heart_model:  (Total of 1024 licenses issued;  Total of 0 licenses in use)

Users of headform_peevc:  (Total of 1024 licenses issued;  Total of 0 licenses in use)

Users of iads:  (Total of 1024 licenses issued;  Total of 0 licenses in use)

Users of kwlic:  (Total of 1024 licenses issued;  Total of 0 licenses in use)

Users of location:  (Total of 1024 licenses issued;  Total of 0 licenses in use)

Users of madymo:  (Total of 1024 licenses issued;  Total of 0 licenses in use)

Users of moldflow:  (Total of 1024 licenses issued;  Total of 0 licenses in use)

Users of multiphysics:  (Total of 1024 licenses issued;  Total of 0 licenses in use)

Users of nx_assoc_import:  (Total of 1024 licenses issued;  Total of 0 licenses in use)

Users of noGUI:  (Total of 1024 licenses issued;  Total of 0 licenses in use)

Users of parallel:  (Total of 1024 licenses issued;  Total of 0 licenses in use)

Users of proe_assoc_import:  (Total of 1024 licenses issued;  Total of 0 licenses in use)

Users of safe:  (Total of 1024 licenses issued;  Total of 0 licenses in use)

Users of soliter:  (Total of 1024 licenses issued;  Total of 0 licenses in use)

Users of sph:  (Total of 1024 licenses issued;  Total of 0 licenses in use)

Users of standard:  (Total of 1024 licenses issued;  Total of 0 licenses in use)

Users of sw_assoc_import:  (Total of 1024 licenses issued;  Total of 0 licenses in use)

Users of sw_import:  (Total of 1024 licenses issued;  Total of 0 licenses in use)

Users of viewer:  (Total of 1024 licenses issued;  Total of 0 licenses in use)

Users of world_sid:  (Total of 1024 licenses issued;  Total of 0 licenses in use)

Users of edb:  (Total of 1024 licenses issued;  Total of 0 licenses in use)

Users of gateway:  (Total of 1024 licenses issued;  Total of 0 licenses in use)

Users of isight:  (Total of 1024 licenses issued;  Total of 0 licenses in use)

Users of products:  (Total of 1024 licenses issued;  Total of 0 licenses in use)

Users of rtgateway:  (Total of 1024 licenses issued;  Total of 0 licenses in use)

Users of see:  (Total of 1024 licenses issued;  Total of 0 licenses in use)

Users of simflow:  (Total of 1024 licenses issued;  Total of 0 licenses in use)

Users of simflowparallel:  (Total of 1024 licenses issued;  Total of 0 licenses in use)

Users of tomee:  (Total of 1024 licenses issued;  Total of 0 licenses in use)

Users of webuser:  (Total of 1024 licenses issued;  Total of 0 licenses in use)

Users of compst_m_cae:  (Total of 1024 licenses issued;  Total of 0 licenses in use)

Users of czone:  (Total of 1024 licenses issued;  Total of 0 licenses in use)

Users of FED_LIC_PICKPOINTS:  (Uncounted, node-locked)

Users of TOSCA_CONVERT_ONF:  (Uncounted, node-locked)

Users of TOSCA_CONVERT_STL:  (Uncounted, node-locked)

Users of TOSCA_CONVERT_LSDYNA:  (Uncounted, node-locked)

Users of TOSCA_CONVERT_ABQ:  (Uncounted, node-locked)

Users of TOSCA_CONVERT_PAM:  (Uncounted, node-locked)

Users of TOSCA_CONVERT_CORE:  (Uncounted, node-locked)

Users of TOSCA_FLUID_SMOOTH:  (Uncounted, node-locked)

Users of TOSCA_FLUID_POST:  (Uncounted, node-locked)

Users of TOSCA_FLUID_PARALLEL:  (Uncounted, node-locked)

Users of TOSCA_FLUID_CORE:  (Uncounted, node-locked)

Users of TOSCA_FLUID_INT_OPEN:  (Uncounted, node-locked)

Users of TOSCA_FLUID_INT_CCMP:  (Uncounted, node-locked)

Users of TOSCA_FLUID_INT_FLUENT:  (Uncounted, node-locked)

Users of TOSCA_FLUID_SHAPE_SENS:  (Uncounted, node-locked)

Users of TOSCA_FLUID_TOPO_SENS:  (Uncounted, node-locked)

Users of TOSCA_FLUID_TOPO_BASIC:  (Uncounted, node-locked)

Users of TOSCA_ONF2VTF:  (Uncounted, node-locked)

Users of TOSCA_SMOOTH:  (Uncounted, node-locked)

Users of TOSCA_CORE:  (Uncounted, node-locked)

Users of TOSCA_INT_ONF:  (Uncounted, node-locked)

Users of TOSCA_INT_PERMAS:  (Uncounted, node-locked)

Users of TOSCA_INT_MARC:  (Uncounted, node-locked)

Users of TOSCA_INT_NXNASTRAN_DESKTOP:  (Uncounted, node-locked)

Users of TOSCA_INT_NXNASTRAN:  (Uncounted, node-locked)

Users of TOSCA_INT_MDDESKTOP:  (Uncounted, node-locked)

Users of TOSCA_INT_NASTRAN:  (Uncounted, node-locked)

Users of TOSCA_INT_ANSYS:  (Uncounted, node-locked)

Users of TOSCA_INT_ABAQUS:  (Uncounted, node-locked)

Users of TOSCA_SIZING:  (Uncounted, node-locked)

Users of TOSCA_BEAD:  (Uncounted, node-locked)

Users of TOSCA_SHAPE:  (Uncounted, node-locked)

Users of TOSCA_TOPO:  (Uncounted, node-locked)

Users of TOSCA_ADV_MORPH:  (Uncounted, node-locked)

Users of TOSCA_ADV_TEMPERATURE:  (Uncounted, node-locked)

Users of TOSCA_ADV_NVH:  (Uncounted, node-locked)

Users of TOSCA_ADV_DURABILITY:  (Uncounted, node-locked)

Users of TOSCA_ADV_NONLINEAR:  (Uncounted, node-locked)

Users of TOSCA_FLUID_PRERELEASE:  (Uncounted, node-locked)

Users of TOSCA_PRERELEASE:  (Uncounted, node-locked)

Users of TOSCA_FLUID_DEV_PARTNER:  (Uncounted, node-locked)

Users of FED_PRODUCT_NX:  (Uncounted, node-locked)

Users of FED_PRODUCT_FEMAP:  (Uncounted, node-locked)

Users of FED_PRODUCT_ATOM:  (Uncounted, node-locked)

Users of FED_PRODUCT_TFLUID:  (Uncounted, node-locked)

Users of FED_PRODUCT_TSTRUCT:  (Uncounted, node-locked)

Users of TOSCA_REPORT:  (Uncounted, node-locked)

Users of tfluid_topo:  (Uncounted, node-locked)

Users of tfluid_int_ccmp:  (Uncounted, node-locked)

Users of tfluid_int_fluent:  (Uncounted, node-locked)

Users of tfluid_parallel:  (Uncounted, node-locked)

Users of tfluid_smooth:  (Uncounted, node-locked)

Users of safe_cmf:  (Total of 1000 licenses issued;  Total of 0 licenses in use)

Users of safe_comp:  (Total of 1000 licenses issued;  Total of 0 licenses in use)

Users of safe_fatigue:  (Total of 1000 licenses issued;  Total of 0 licenses in use)

Users of safe_rotate:  (Total of 1000 licenses issued;  Total of 0 licenses in use)

Users of safe_rubber:  (Total of 1000 licenses issued;  Total of 0 licenses in use)

Users of safe_tmf:  (Total of 1000 licenses issued;  Total of 0 licenses in use)

Users of safe_true:  (Total of 1000 licenses issued;  Total of 0 licenses in use)

Users of safe_turbo:  (Total of 1000 licenses issued;  Total of 0 licenses in use)

Users of safe_verity:  (Total of 1000 licenses issued;  Total of 0 licenses in use)

Users of analysis_engine:  (Total of 1000 licenses issued;  Total of 0 licenses in use)

Users of developer:  (Total of 1000 licenses issued;  Total of 0 licenses in use)

Users of DMP:  (Total of 1000 licenses issued;  Total of 0 licenses in use)

Users of Endurica_rubber:  (Total of 1000 licenses issued;  Total of 0 licenses in use)

Users of Extended:  (Total of 1000 licenses issued;  Total of 0 licenses in use)

Users of firehole_composites:  (Total of 1000 licenses issued;  Total of 0 licenses in use)

Users of gauge_fatigue:  (Total of 1000 licenses issued;  Total of 0 licenses in use)

Users of generic:  (Total of 1000 licenses issued;  Total of 0 licenses in use)

Users of licence_creator:  (Total of 1000 licenses issued;  Total of 0 licenses in use)

Users of material_manipula:  (Total of 1000 licenses issued;  Total of 0 licenses in use)

Users of plugins:  (Total of 1000 licenses issued;  Total of 0 licenses in use)

Users of PRODUCT_EXCITE_Fatigue:  (Total of 1000 licenses issued;  Total of 0 licenses in use)

Users of PRODUCT_fesafe:  (Total of 1000 licenses issued;  Total of 0 licenses in use)

Users of PRODUCT_safe4fatigue:  (Total of 1000 licenses issued;  Total of 0 licenses in use)

Users of Rotate:  (Total of 1000 licenses issued;  Total of 0 licenses in use)

Users of safe4fatigue:  (Total of 1000 licenses issued;  Total of 0 licenses in use)

Users of safe4mat:  (Total of 1000 licenses issued;  Total of 0 licenses in use)

Users of safe4materials:  (Total of 1000 licenses issued;  Total of 0 licenses in use)

Users of signal_manipulation:  (Total of 1000 licenses issued;  Total of 0 licenses in use)

Users of TMF:  (Total of 1000 licenses issued;  Total of 0 licenses in use)

Users of Token:  (Total of 1000 licenses issued;  Total of 0 licenses in use)

Users of TrueLoad:  (Total of 1000 licenses issued;  Total of 0 licenses in use)

Users of TURBOlife:  (Total of 1000 licenses issued;  Total of 0 licenses in use)

Users of uniaxial_fatigue:  (Total of 1000 licenses issued;  Total of 0 licenses in use)



# Detected 0 DSLS servers

# Current operating system environment variable settings
# ------------------------------------------------------
ABAQUSLM_LICENSE_FILE=27011@DESKTOP-28I0C3S
ABAQUS_LANG=English_United States.1252
ABAQUS_PATH=C:\\SIMULIA\\Commands
ABAQUS_PY_TRANSLATION_DICTIONARY=Configuration/Xresources/en_US/en_US_PyDict.py
ABAQUS_TRANSLATION_DICTIONARY=Configuration/Xresources/en_US/en_US_Dict.py
ABA_BLA_LIBRARY_PATH=C:\SIMULIA\CAE\2017;C:\SIMULIA\CAE\2017\win_b64;C:\SIMULIA\CAE\2017\win_b64\code;C:\SIMULIA\CAE\2017\win_b64\code\bin;C:\SIMULIA\CAE\2017\win_b64\code\bin\SMAExternal;C:\SIMULIA\CAE\2017\win_b64\CAEresources;C:\SIMULIA\CAE\2017\win_b64\SMA;C:\SIMULIA\CAE\2017\win_b64\code\bin\SMAExternal\Interop;C:\SIMULIA\CAE\2017\win_b64\code\bin\SMAExternal\Elysium
ABA_COMMAND=C:\SIMULIA\CAE\2017\win_b64\code\bin\ABQLauncher.exe
ABA_HOME=C:\SIMULIA\CAE\2017\win_b64
ABA_LIBRARY_PATHNAME=PATH
ABA_MPI_LIBRARY_PATH=C:\SIMULIA\CAE\2017;C:\SIMULIA\CAE\2017\win_b64;C:\SIMULIA\CAE\2017\win_b64\code;C:\SIMULIA\CAE\2017\win_b64\code\bin;C:\SIMULIA\CAE\2017\win_b64\code\bin\SMAExternal;C:\SIMULIA\CAE\2017\win_b64\CAEresources;C:\SIMULIA\CAE\2017\win_b64\SMA;C:\SIMULIA\CAE\2017\win_b64\code\bin\SMAExternal\Interop;C:\SIMULIA\CAE\2017\win_b64\code\bin\SMAExternal\Elysium
ABA_PATH=C:\SIMULIA\CAE\2017;C:\SIMULIA\CAE\2017\win_b64;C:\SIMULIA\CAE\2017\win_b64\code;C:\SIMULIA\CAE\2017\win_b64\code\bin;C:\SIMULIA\CAE\2017\win_b64\code\bin\SMAExternal;C:\SIMULIA\CAE\2017\win_b64\CAEresources;C:\SIMULIA\CAE\2017\win_b64\SMA
ABA_PATH_BASE=C:\SIMULIA\CAE\2017\win_b64;
ABQLMHANGLIMIT=0
ABQLMIMPL=FLEXNET
ABQLMQUEUE=30
ABQLMUSER=crist
ABQ_DLALLOCATOR=1
ADVISOR_2017_DIR=C:\Program Files (x86)\IntelSWTools\Advisor 2017\
ALLUSERSPROFILE=C:\ProgramData
APPDATA=C:\Users\crist\AppData\Roaming
ARCH_PATH=intel64
BIN_ROOT=C:\Program Files (x86)\IntelSWTools\compilers_and_libraries_2017.2.187\windows\bin\
CATCOMMANDPATH=
CATDICTIONARYPATH=C:\SIMULIA\CAE\2017\win_b64\code\dictionary
CHROME_CRASHPAD_PIPE_NAME=\\.\pipe\crashpad_11312_JTGDYITQPNIPUPUC
CLASSPATH=C:\Program Files (x86)\IntelSWTools\compilers_and_libraries_2017.2.187\windows\daal\lib\daal.jar;
CMPLR_PATH=C:\Program Files (x86)\IntelSWTools\compilers_and_libraries_2017.2.187\windows\bin\intel64
COLORTERM=truecolor
COMMANDPROMPTTYPE=Native
COMMONPROGRAMFILES=C:\Program Files\Common Files
COMMONPROGRAMFILES(X86)=C:\Program Files (x86)\Common Files
COMMONPROGRAMW6432=C:\Program Files\Common Files
COMPUTERNAME=DESKTOP-28I0C3S
COMSPEC=C:\windows\system32\cmd.exe
CPATH=C:\Program Files (x86)\IntelSWTools\compilers_and_libraries_2017.2.187\windows\ipp\include;C:\Program Files (x86)\IntelSWTools\compilers_and_libraries_2017.2.187\windows\mkl\include;C:\Program Files (x86)\IntelSWTools\compilers_and_libraries_2017.2.187\windows\tbb\bin\..\include;C:\Program Files (x86)\IntelSWTools\compilers_and_libraries_2017.2.187\windows\daal\include;
CUSTOMWORKSPACE=
C_TARGET_ARCH=intel64
DAALROOT=C:\Program Files (x86)\IntelSWTools\compilers_and_libraries_2017.2.187\windows\daal
DRIVERDATA=C:\Windows\System32\Drivers\DriverData
DSY_TENANT=OnPremise
EXTENSIONSDKDIR=C:\Program Files (x86)\Microsoft SDKs\Windows\v8.1\ExtensionSDKs
FED_DSFLEX_LICENSE_CONFIG=27011@DESKTOP-28I0C3S
FED_DSLS_LICENSE_CONFIG=C:\ProgramData\DassaultSystemes\Licenses\DSLicSrv.txt
FED_LICENSE_SERVER_TYPE=DSFLEX
FRAMEWORK40VERSION=v4.0
FRAMEWORKDIR=C:\windows\Microsoft.NET\Framework64
FRAMEWORKDIR64=C:\windows\Microsoft.NET\Framework64
FRAMEWORKVERSION=v4.0.30319
FRAMEWORKVERSION64=v4.0.30319
FREECAD_BIN=C:\\Program Files\\FreeCAD 0.21\\bin
FREECAD_DATA=C:\\Program Files\\FreeCAD 0.21\\data
FREECAD_DOC=C:\\Program Files\\FreeCAD 0.21\\doc
FREECAD_EXT=C:\\Program Files\\FreeCAD 0.21\\Ext
FREECAD_LIB=C:\\Program Files\\FreeCAD 0.21\\lib
FREECAD_MOD=C:\\Program Files\\FreeCAD 0.21\\Mod
FSHARPINSTALLDIR=C:\Program Files (x86)\Microsoft SDKs\F#\3.1\Framework\v4.0\
GIT_ASKPASS=c:\Users\crist\AppData\Local\Programs\Microsoft VS Code\resources\app\extensions\git\dist\askpass.sh
HOMEDRIVE=C:
HOMEPATH=\Users\crist
ICPP_COMPILER17=C:\Program Files (x86)\IntelSWTools\compilers_and_libraries_2017.2.187\windows\
IFORT_COMPILER17=C:\Program Files (x86)\IntelSWTools\compilers_and_libraries_2017.2.187\windows\
INCLUDE=C:\Program Files (x86)\IntelSWTools\compilers_and_libraries_2017.2.187\windows\compiler\include;C:\Program Files (x86)\IntelSWTools\compilers_and_libraries_2017.2.187\windows\compiler\include\intel64;C:\Program Files (x86)\Microsoft Visual Studio 12.0\VC\INCLUDE;C:\Program Files (x86)\Microsoft Visual Studio 12.0\VC\ATLMFC\INCLUDE;C:\Program Files (x86)\Windows Kits\8.1\include\shared;C:\Program Files (x86)\Windows Kits\8.1\include\um;C:\Program Files (x86)\Windows Kits\8.1\include\winrt;C:\Program Files (x86)\IntelSWTools\compilers_and_libraries_2017.2.187\windows\mpi\intel64\bin\..\..\intel64\include;C:\Program Files (x86)\IntelSWTools\compilers_and_libraries_2017.2.187\windows\ipp\include;C:\Program Files (x86)\IntelSWTools\compilers_and_libraries_2017.2.187\windows\mkl\include;C:\Program Files (x86)\IntelSWTools\compilers_and_libraries_2017.2.187\windows\tbb\bin\..\include;C:\Program Files (x86)\IntelSWTools\compilers_and_libraries_2017.2.187\windows\daal\include;
INSPECTOR_2017_DIR=C:\Program Files (x86)\IntelSWTools\Inspector 2017\
INTELGTDEBUGGERROOT=C:\Program Files (x86)\IntelSWTools\debugger_2017\gdb\intel64_igfx\
INTEL_DEV_REDIST=C:\Program Files (x86)\Common Files\Intel\Shared Libraries\
INTEL_LICENSE_FILE=C:\Program Files (x86)\Common Files\\Intel\Licenses;C:\Program Files (x86)\Common Files\Intel\Licenses
IPPROOT=C:\Program Files (x86)\IntelSWTools\compilers_and_libraries_2017.2.187\windows\ipp
IPP_TARGET_ARCH=intel64
I_MPI_ROOT=C:\Program Files (x86)\IntelSWTools\compilers_and_libraries_2017.2.187\windows\mpi\intel64\bin\..\..
LANG=en_US.UTF-8
LD_LIBRARY_PATH=C:\Program Files (x86)\IntelSWTools\compilers_and_libraries_2017.2.187\windows\..\linux\compiler\lib\intel64_lin;C:\Program Files (x86)\IntelSWTools\compilers_and_libraries_2017.2.187\windows\mkl\..\..\linux\mkl\lib\intel64_lin;C:\Program Files (x86)\IntelSWTools\compilers_and_libraries_2017.2.187\windows\tbb\bin\..\..\..\linux\tbb\lib\intel64\gcc4.7;
LIB=C:\Program Files (x86)\IntelSWTools\compilers_and_libraries_2017.2.187\windows\compiler\lib;C:\Program Files (x86)\IntelSWTools\compilers_and_libraries_2017.2.187\windows\compiler\lib\intel64;C:\Program Files (x86)\IntelSWTools\compilers_and_libraries_2017.2.187\windows\compiler\lib\intel64_win;C:\Program Files (x86)\Microsoft Visual Studio 12.0\VC\LIB\amd64;C:\Program Files (x86)\Microsoft Visual Studio 12.0\VC\ATLMFC\LIB\amd64;C:\Program Files (x86)\Windows Kits\8.1\lib\winv6.3\um\x64;C:\Program Files (x86)\IntelSWTools\compilers_and_libraries_2017.2.187\windows\mpi\intel64\bin\..\..\intel64\lib;C:\Program Files (x86)\IntelSWTools\compilers_and_libraries_2017.2.187\windows\ipp\lib\intel64;C:\Program Files (x86)\IntelSWTools\compilers_and_libraries_2017.2.187\windows\mkl\lib\intel64_win;C:\Program Files (x86)\IntelSWTools\compilers_and_libraries_2017.2.187\windows\compiler\lib\intel64_win;C:\Program Files (x86)\IntelSWTools\compilers_and_libraries_2017.2.187\windows\tbb\bin\..\lib\intel64\vc12;C:\Program Files (x86)\IntelSWTools\compilers_and_libraries_2017.2.187\windows\daal\lib\intel64_win;C:\Program Files (x86)\IntelSWTools\compilers_and_libraries_2017.2.187\windows\tbb\lib\intel64_win\vc_mt;
LIBPATH=C:\windows\Microsoft.NET\Framework64\v4.0.30319;C:\Program Files (x86)\Microsoft Visual Studio 12.0\VC\LIB\amd64;C:\Program Files (x86)\Microsoft Visual Studio 12.0\VC\ATLMFC\LIB\amd64;C:\Program Files (x86)\Windows Kits\8.1\References\CommonConfiguration\Neutral;C:\Program Files (x86)\Microsoft SDKs\Windows\v8.1\ExtensionSDKs\Microsoft.VCLibs\12.0\References\CommonConfiguration\neutral;
LIBRARY_PATH=C:\Program Files (x86)\IntelSWTools\compilers_and_libraries_2017.2.187\windows\ipp\lib\intel64;C:\Program Files (x86)\IntelSWTools\compilers_and_libraries_2017.2.187\windows\tbb\bin\..\..\..\linux\tbb\lib\intel64\gcc4.7;
LOCALAPPDATA=C:\Users\crist\AppData\Local
LOGONSERVER=\\DESKTOP-28I0C3S
MIC_LD_LIBRARY_PATH=C:\Program Files (x86)\IntelSWTools\compilers_and_libraries_2017.2.187\windows\compiler\lib\mic;C:\Program Files (x86)\IntelSWTools\compilers_and_libraries_2017.2.187\windows\ipp\lib\mic;C:\Program Files (x86)\IntelSWTools\compilers_and_libraries_2017.2.187\windows\mkl\lib\intel64_win_mic;C:\Program Files (x86)\IntelSWTools\compilers_and_libraries_2017.2.187\windows\compiler\lib\intel64_win_mic;C:\Program Files (x86)\IntelSWTools\compilers_and_libraries_2017.2.187\windows\tbb\bin\..\lib\mic;C:\Program Files (x86)\Common Files\Intel\Shared Libraries\compiler\lib\intel64_win_mic
MIC_LIBRARY_PATH=C:\Program Files (x86)\IntelSWTools\compilers_and_libraries_2017.2.187\windows\compiler\lib\mic;C:\Program Files (x86)\IntelSWTools\compilers_and_libraries_2017.2.187\windows\mkl\lib\intel64_win_mic;C:\Program Files (x86)\IntelSWTools\compilers_and_libraries_2017.2.187\windows\compiler\lib\intel64_win_mic;C:\Program Files (x86)\IntelSWTools\compilers_and_libraries_2017.2.187\windows\tbb\bin\..\lib\mic; 
MKLROOT=C:\Program Files (x86)\IntelSWTools\compilers_and_libraries_2017.2.187\windows\mkl
MOZ_PLUGIN_PATH=C:\Program Files (x86)\Foxit Software\Foxit PDF Reader\plugins\
MSMPI_BIN=C:\Program Files\Microsoft MPI\Bin\
MSVS_VAR_SCRIPT="C:\Program Files (x86)\Microsoft Visual Studio 12.0\Common7\Tools\..\..\VC\vcvarsall.bat"
MSVS_VAR_SCRIPT_DIR=C:\Program Files (x86)\Microsoft Visual Studio 12.0\VC
MSVS_VER_2012="C:\Program Files (x86)\Microsoft Visual Studio 12.0\Common7\Tools\..\..\VC\vcvarsall.bat"
NDK_DIR=""
NUMBER_OF_PROCESSORS=8
ONEDRIVE=D:\OneDrive - Secretaria de Educacion del Distrito
ONEDRIVECOMMERCIAL=D:\OneDrive - Secretaria de Educacion del Distrito
ONEDRIVECONSUMER=C:\Users\crist\OneDrive
ORIGINAL_XDG_CURRENT_DESKTOP=undefined
OS=Windows_NT
PATH=C:\SIMULIA\CAE\2017\win_b64\tools\SMApy\python2.7\lib\site-packages\pywin32_system32;C:\SIMULIA\CAE\2017;C:\SIMULIA\CAE\2017\win_b64;C:\SIMULIA\CAE\2017\win_b64\code;C:\SIMULIA\CAE\2017\win_b64\code\bin;C:\SIMULIA\CAE\2017\win_b64\code\bin\SMAExternal;C:\SIMULIA\CAE\2017\win_b64\CAEresources;C:\SIMULIA\CAE\2017\win_b64\SMA;C:\SIMULIA\CAE\2017\win_b64\code\bin\SMAExternal\Interop;C:\SIMULIA\CAE\2017\win_b64\code\bin\SMAExternal\Elysium;C:\Program Files (x86)\IntelSWTools\compilers_and_libraries_2017.2.187\windows\bin\intel64;C:\Program Files (x86)\IntelSWTools\compilers_and_libraries_2017.2.187\windows\redist\intel64\compiler;C:\Program Files (x86)\IntelSWTools\compilers_and_libraries_2017.2.187\windows\redist\intel64_win\compiler;C:\Program Files (x86)\Microsoft Visual Studio 12.0\Common7\IDE\CommonExtensions\Microsoft\TestWindow;C:\Program Files (x86)\MSBuild\12.0\bin\amd64;C:\Program Files (x86)\Microsoft Visual Studio 12.0\VC\BIN\amd64;C:\windows\Microsoft.NET\Framework64\v4.0.30319;C:\Program Files (x86)\Microsoft Visual Studio 12.0\VC\VCPackages;C:\Program Files (x86)\Microsoft Visual Studio 12.0\Common7\IDE;C:\Program Files (x86)\Microsoft Visual Studio 12.0\Common7\Tools;C:\Program Files (x86)\HTML Help Workshop;C:\Program Files (x86)\Microsoft Visual Studio 12.0\Team Tools\Performance Tools\x64;C:\Program Files (x86)\Microsoft Visual Studio 12.0\Team Tools\Performance Tools;C:\Program Files (x86)\Windows Kits\8.1\bin\x64;C:\Program Files (x86)\Windows Kits\8.1\bin\x86;C:\Program Files (x86)\Microsoft SDKs\Windows\v8.1A\bin\NETFX 4.5.1 Tools\x64\;C:\Program Files (x86)\IntelSWTools\compilers_and_libraries_2017.2.187\windows\mpi\intel64\bin\..\..\intel64\bin;C:\Program Files (x86)\IntelSWTools\debugger_2017\bin\\..\gdb\intel64\bin;C:\Program Files (x86)\IntelSWTools\debugger_2017\bin\..\libipt\intel64\lib;C:\Program Files (x86)\IntelSWTools\compilers_and_libraries_2017.2.187\windows\ipp\..\redist\intel64\ipp;C:\Program Files (x86)\IntelSWTools\compilers_and_libraries_2017.2.187\windows\redist\intel64_win\mkl;C:\Program Files (x86)\IntelSWTools\compilers_and_libraries_2017.2.187\windows\redist\intel64_win\compiler;C:\Program Files (x86)\IntelSWTools\compilers_and_libraries_2017.2.187\windows\tbb\bin\..\..\redist\intel64\tbb\vc12;C:\Program Files (x86)\IntelSWTools\compilers_and_libraries_2017.2.187\windows\redist\intel64_win\daal;C:\Program Files (x86)\IntelSWTools\compilers_and_libraries_2017.2.187\windows\redist\intel64_win\tbb\vc_mt;C:\Users\crist\venvs\boneFEM\Scripts;C:\SIMULIA\Commands;C:\Program Files\Microsoft MPI\Bin\;C:\Program Files (x86)\IntelSWTools\compilers_and_libraries_2017.2.187\windows\mpi\intel64\bin;C:\Program Files (x86)\Common Files\Intel\Shared Libraries\redist\intel64_win\mpirt;C:\Program Files (x86)\Common Files\Intel\Shared Libraries\redist\ia32_win\mpirt;C:\Program Files (x86)\Common Files\Intel\Shared Libraries\redist\intel64_win\compiler;C:\Program Files (x86)\Common Files\Intel\Shared Libraries\redist\ia32_win\compiler;C:\windows\system32;C:\windows;C:\windows\System32\Wbem;C:\windows\System32\WindowsPowerShell\v1.0\;C:\windows\System32\OpenSSH\;C:\Program Files (x86)\Windows Kits\8.1\Windows Performance Toolkit\;C:\Program Files\Microsoft SQL Server\110\Tools\Binn\;C:\Program Files (x86)\Microsoft SDKs\TypeScript\1.0\;C:\Program Files\Microsoft SQL Server\120\Tools\Binn\;C:\Program Files (x86)\IntelSWTools\compilers_and_libraries_2017.2.187\windows\bin\intel64;C:\Program Files (x86)\IntelSWTools\compilers_and_libraries_2017.2.187\windows\bin;C:\Program Files (x86)\NVIDIA Corporation\PhysX\Common;C:\Program Files\NVIDIA Corporation\NVIDIA NvDLISR;C:\Program Files\Git\cmd;C:\Program Files\dotnet\;C:\SIMULIA\Commands;C:\Users\crist\AppData\Local\Programs\Python\Python38\Scripts\;C:\Users\crist\AppData\Local\Programs\Python\Python38\;C:\Users\crist\AppData\Local\Microsoft\WindowsApps;C:\Users\crist\AppData\Local\Programs\Microsoft VS Code\bin;C:\Users\crist\AppData\Local\GitHubDesktop\bin;C:\Users\crist\AppData\Local\Programs\MiKTeX\miktex\bin\x64\
PATHEXT=.COM;.EXE;.BAT;.CMD;.VBS;.VBE;.JS;.JSE;.WSF;.WSH;.MSC
PLATFORM=X64
PROCESSOR_ARCHITECTURE=AMD64
PROCESSOR_IDENTIFIER=Intel64 Family 6 Model 142 Stepping 12, GenuineIntel
PROCESSOR_LEVEL=6
PROCESSOR_REVISION=8e0c
PRODUCT_NAME=Intel Compiler 17.0 Update 2
PRODUCT_NAME_FULL=Intel(R) Compiler 17.0 Update 2 (package 187)
PROGRAMDATA=C:\ProgramData
PROGRAMFILES=C:\Program Files
PROGRAMFILES(X86)=C:\Program Files (x86)
PROGRAMW6432=C:\Program Files
PROMPT=(boneFEM) $P$G
PSMODULEPATH=C:\Program Files\WindowsPowerShell\Modules;C:\windows\system32\WindowsPowerShell\v1.0\Modules
PUBLIC=C:\Users\Public
PYTHONPATH=C:\SIMULIA\CAE\2017;C:\SIMULIA\CAE\2017\win_b64;C:\SIMULIA\CAE\2017\win_b64\code;C:\SIMULIA\CAE\2017\win_b64\code\bin;C:\SIMULIA\CAE\2017\win_b64\code\bin\SMAExternal;C:\SIMULIA\CAE\2017\win_b64\CAEresources;C:\SIMULIA\CAE\2017\win_b64\SMA;C:\SIMULIA\CAE\2017\win_b64\code\python2.7\lib;C:\SIMULIA\CAE\2017\win_b64\tools\SMApy\python2.7\lib;C:\SIMULIA\CAE\2017\win_b64\tools\SMApy\python2.7\lib\lib-tk;C:\SIMULIA\CAE\2017\win_b64\tools\SMApy\python2.7\lib\site-packages;C:\SIMULIA\CAE\2017\win_b64\tools\SMApy\python2.7\DLLs;.;C:\SIMULIA\CAE\2017;.;C:\\Program Files\\FreeCAD 0.21\\bin;C:\\Program Files\\FreeCAD 0.21\\data;C:\\Program Files\\FreeCAD 0.21\\doc;C:\\Program Files\\FreeCAD 0.21\\Ext;C:\\Program Files\\FreeCAD 0.21\\lib;C:\\Program Files\\FreeCAD 0.21\\Mod;;C:\\SIMULIA\\Commands
PYTHONSTARTUP=c:\Users\crist\.vscode\extensions\ms-python.python-2024.12.1-win32-x64\python_files\pythonrc.py
PYVERDIRNAME=python2.7
ROOT=C:\Program Files (x86)\IntelSWTools\compilers_and_libraries_2017.2.187\windows
SCRIPT_NAME=compilervars_arch.bat
SESSIONNAME=Console
SMASVT_ROOT_PATH=C:\SIMULIA\CAE\2017;C:\SIMULIA\CAE\2017\win_b64;C:\SIMULIA\CAE\2017\win_b64\code;C:\SIMULIA\CAE\2017\win_b64\code\bin;C:\SIMULIA\CAE\2017\win_b64\code\bin\SMAExternal;C:\SIMULIA\CAE\2017\win_b64\CAEresources;C:\SIMULIA\CAE\2017\win_b64\SMA
SOLVER_PATH_BASE=C:\Program Files\Dassault Systemes\SimulationServices\V6R2017x\win_b64
SYSTEMDRIVE=C:
SYSTEMROOT=C:\windows
TARGET_ARCH=intel64
TARGET_VS=vs2013
TARGET_VS_ARCH=amd64
TBBROOT=C:\Program Files (x86)\IntelSWTools\compilers_and_libraries_2017.2.187\windows\tbb\bin\..
TBB_ARCH_PLATFORM=intel64\vc12
TBB_BIN_DIR=C:\Program Files (x86)\IntelSWTools\compilers_and_libraries_2017.2.187\windows\tbb\bin\
TBB_CXX=icl.exe
TBB_TARGET_ARCH=intel64
TBB_TARGET_VS=vc12
TEMP=C:\Users\crist\AppData\Local\Temp
TERM_PROGRAM=vscode
TERM_PROGRAM_VERSION=1.92.0
TMP=C:\Users\crist\AppData\Local\Temp
TOSCA_INSTALL_PATH=C:\SIMULIA\Tosca\2017\win_b64\code\command\ToscaStructure.bat
USERDOMAIN=DESKTOP-28I0C3S
USERDOMAIN_ROAMINGPROFILE=DESKTOP-28I0C3S
USERNAME=crist
USERPROFILE=C:\Users\crist
VCINSTALLDIR=C:\Program Files (x86)\Microsoft Visual Studio 12.0\VC\
VIRTUAL_ENV=C:\Users\crist\venvs\boneFEM
VISUALSTUDIOVERSION=12.0
VS110COMNTOOLS=C:\Program Files (x86)\Microsoft Visual Studio 11.0\Common7\Tools\
VS120COMNTOOLS=C:\Program Files (x86)\Microsoft Visual Studio 12.0\Common7\Tools\
VSCODE_ENV_PREPEND=PATH=C\x3a\Users\crist\venvs\boneFEM\Scripts;
VSCODE_ENV_REPLACE=ABAQUS_PATH=C\x3a\\SIMULIA\\Commands:FREECAD_BIN=C\x3a\\Program Files\\FreeCAD 0.21\\bin:FREECAD_DATA=C\x3a\\Program Files\\FreeCAD 0.21\\data:FREECAD_DOC=C\x3a\\Program Files\\FreeCAD 0.21\\doc:FREECAD_EXT=C\x3a\\Program Files\\FreeCAD 0.21\\Ext:FREECAD_LIB=C\x3a\\Program Files\\FreeCAD 0.21\\lib:FREECAD_MOD=C\x3a\\Program Files\\FreeCAD 0.21\\Mod:PROMPT=(boneFEM) $P$G:PYTHONPATH=C\x3a\\Program Files\\FreeCAD 0.21\\bin;C\x3a\\Program Files\\FreeCAD 0.21\\data;C\x3a\\Program Files\\FreeCAD 0.21\\doc;C\x3a\\Program Files\\FreeCAD 0.21\\Ext;C\x3a\\Program Files\\FreeCAD 0.21\\lib;C\x3a\\Program Files\\FreeCAD 0.21\\Mod;;C\x3a\\SIMULIA\\Commands:VIRTUAL_ENV=C\x3a\Users\crist\venvs\boneFEM:_OLD_VIRTUAL_PROMPT=$P$G
VSCODE_GIT_ASKPASS_EXTRA_ARGS=
VSCODE_GIT_ASKPASS_MAIN=c:\Users\crist\AppData\Local\Programs\Microsoft VS Code\resources\app\extensions\git\dist\askpass-main.js
VSCODE_GIT_ASKPASS_NODE=C:\Users\crist\AppData\Local\Programs\Microsoft VS Code\Code.exe
VSCODE_GIT_IPC_HANDLE=\\.\pipe\vscode-git-2002249f9a-sock
VSINSTALLDIR=C:\Program Files (x86)\Microsoft Visual Studio 12.0\
VTUNE_AMPLIFIER_XE_2017_DIR=C:\Program Files (x86)\IntelSWTools\VTune Amplifier XE 2017\
WINDIR=C:\windows
WINDOWSSDKDIR=C:\Program Files (x86)\Windows Kits\8.1\
WINDOWSSDK_EXECUTABLEPATH_X64=C:\Program Files (x86)\Microsoft SDKs\Windows\v8.1A\bin\NETFX 4.5.1 Tools\x64\
WINDOWSSDK_EXECUTABLEPATH_X86=C:\Program Files (x86)\Microsoft SDKs\Windows\v8.1A\bin\NETFX 4.5.1 Tools\
WIN_TITLE=Intel Compiler 17.0 Update 2 Intel(R) 64 Visual Studio 2013
WIN_TITLE_ARCH=Intel(R) 64
WIN_TITLE_VS=Visual Studio 2013
WSA_PACMAN_HOME=C:\Program Files\WSA PacMan
_NT_SYMBOL_PATH=C:\SIMULIA\CAE\2017;C:\SIMULIA\CAE\2017\win_b64;C:\SIMULIA\CAE\2017\win_b64\code;C:\SIMULIA\CAE\2017\win_b64\code\bin;C:\SIMULIA\CAE\2017\win_b64\code\bin\SMAExternal;C:\SIMULIA\CAE\2017\win_b64\CAEresources;C:\SIMULIA\CAE\2017\win_b64\SMA;C:\SIMULIA\CAE\2017\win_b64\code\bin\SMAExternal\Interop;C:\SIMULIA\CAE\2017\win_b64\code\bin\SMAExternal\Elysium
_OLD_VIRTUAL_PROMPT=$P$G

# Warnings/Errors from verify & install logs:
# ------------------------------------------------
From verify log: C:\SIMULIA\CAE\2017\InstallData\log\CODE\win_b64\SIMULIA_Abaqus_CAE.media-2024_03_07-004046-0500\tmp\verify.log
----------------
1 WARNINGS
1 ERRORS 

--- One or more ERRORS found in install logs.
From error log: C:\SIMULIA\CAE\2017\InstallData\log\CODE\win_b64\SIMULIA_Abaqus_CAE.media-2024_03_07-004046-0500\Errors.log
   Line count: 10 Word count: 28

Abaqus JOB abaqus COMPLETED
