Analysis initiated from SIMULIA established products
Abaqus JOB analisis
Abaqus 3DEXPERIENCE R2017x
Abaqus License Manager checked out the following licenses:
Abaqus/Standard checked out 5 tokens from Flexnet server cristian.
<1019 out of 1024 licenses remain available>.
Begin Compiling Abaqus/Standard User Subroutines
2/20/2025 1:23:48 PM
Intel(R) Visual Fortran Intel(R) 64 Compiler for applications running on Intel(R) 64, Version 17.0.2.187 Build 20170213
Copyright (C) 1985-2017 Intel Corporation.  All rights reserved.

End Compiling Abaqus/Standard User Subroutines
Begin Linking Abaqus/Standard User Subroutines
   Creating library standardU.lib and object standardU.exp
libirc.lib(fast_mem_ops.obj) : warning LNK4210: .CRT section exists; there may be unhandled static initializers or terminators
End Linking Abaqus/Standard User Subroutines
2/20/2025 1:23:52 PM
Begin Analysis Input File Processor
2/20/2025 1:23:52 PM
Run pre.exe
2/20/2025 1:23:57 PM
End Analysis Input File Processor
Begin Abaqus/Standard Analysis
2/20/2025 1:23:57 PM
Run standard.exe
forrtl: severe (29): file not found, unit 16, file C:\Users\crist\git\bone-FEM-Abaqus\convexCase\resultado\analisis1.vtu
Image              PC                Routine            Line        Source             
libifcoremd.dll    00007FFDC1CEA335  Unknown               Unknown  Unknown
libifcoremd.dll    00007FFDC1D169EB  Unknown               Unknown  Unknown
standardU.dll      00007FFDB46EFBD2  Unknown               Unknown  Unknown
ABQSMAStaCore.dll  00007FFDBF40024E  Unknown               Unknown  Unknown
ABQSMAStaCore.dll  00007FFDBF4956F6  Unknown               Unknown  Unknown
ABQSMAStaCore.dll  00007FFDBF3E666E  Unknown               Unknown  Unknown
ABQSMAStaCore.dll  00007FFDBE83FE49  Unknown               Unknown  Unknown
ABQSMAStaCore.dll  00007FFDC0C18FF1  Unknown               Unknown  Unknown
ABQSMAStaCore.dll  00007FFDBF3D57DA  Unknown               Unknown  Unknown
ABQSMAStaCore.dll  00007FFDC04CAECD  Unknown               Unknown  Unknown
standard.exe       00007FF67516335F  Unknown               Unknown  Unknown
standard.exe       00007FF675161306  Unknown               Unknown  Unknown
standard.exe       00007FF675177243  Unknown               Unknown  Unknown
KERNEL32.DLL       00007FFEA911E8D7  Unknown               Unknown  Unknown
ntdll.dll          00007FFEAA21BF2C  Unknown               Unknown  Unknown
2/20/2025 1:24:05 PM
Abaqus Error: Abaqus/Standard Analysis exited with an error - Please see the 
message file for possible error messages if the file exists.
Begin MFS->SFS and SIM cleanup
2/20/2025 1:24:07 PM
Run SMASimUtility.exe
2/20/2025 1:24:07 PM
End MFS->SFS and SIM cleanup
Abaqus/Analysis exited with errors
