Analysis initiated from SIMULIA established products
Abaqus JOB analisis
Abaqus 3DEXPERIENCE R2017x
Abaqus License Manager checked out the following licenses:
Abaqus/Standard checked out 5 tokens from Flexnet server cristian.
<1019 out of 1024 licenses remain available>.
Begin Compiling Abaqus/Standard User Subroutines
2/20/2025 1:23:11 PM
Intel(R) Visual Fortran Intel(R) 64 Compiler for applications running on Intel(R) 64, Version 17.0.2.187 Build 20170213
Copyright (C) 1985-2017 Intel Corporation.  All rights reserved.

End Compiling Abaqus/Standard User Subroutines
Begin Linking Abaqus/Standard User Subroutines
   Creating library standardU.lib and object standardU.exp
libirc.lib(fast_mem_ops.obj) : warning LNK4210: .CRT section exists; there may be unhandled static initializers or terminators
End Linking Abaqus/Standard User Subroutines
2/20/2025 1:23:14 PM
Begin Analysis Input File Processor
2/20/2025 1:23:14 PM
Run pre.exe
2/20/2025 1:23:19 PM
End Analysis Input File Processor
Begin Abaqus/Standard Analysis
2/20/2025 1:23:20 PM
Run standard.exe
2/20/2025 1:23:32 PM
End Abaqus/Standard Analysis
Begin MFS->SFS and SIM cleanup
2/20/2025 1:23:33 PM
Run SMASimUtility.exe
2/20/2025 1:23:33 PM
End MFS->SFS and SIM cleanup
Abaqus JOB analisis COMPLETED
